Determining if the function sgemm_ exists failed with the following output:
Change Dir: /app/build/CMakeFiles/CMakeTmp

Run Build Command(s):/usr/bin/gmake -f Makefile cmTC_4d772/fast && /usr/bin/gmake  -f CMakeFiles/cmTC_4d772.dir/build.make CMakeFiles/cmTC_4d772.dir/build
gmake[1]: Entering directory '/app/build/CMakeFiles/CMakeTmp'
Building C object CMakeFiles/cmTC_4d772.dir/CheckFunctionExists.c.o
/usr/bin/cc   -DCHECK_FUNCTION_EXISTS=sgemm_ -o CMakeFiles/cmTC_4d772.dir/CheckFunctionExists.c.o -c /usr/share/cmake-3.22/Modules/CheckFunctionExists.c
Linking C executable cmTC_4d772
/usr/bin/cmake -E cmake_link_script CMakeFiles/cmTC_4d772.dir/link.txt --verbose=1
/usr/bin/cc  -DCHECK_FUNCTION_EXISTS=sgemm_ CMakeFiles/cmTC_4d772.dir/CheckFunctionExists.c.o -o cmTC_4d772 
/usr/bin/ld: CMakeFiles/cmTC_4d772.dir/CheckFunctionExists.c.o: in function `main':
CheckFunctionExists.c:(.text+0x14): undefined reference to `sgemm_'
collect2: error: ld returned 1 exit status
gmake[1]: *** [CMakeFiles/cmTC_4d772.dir/build.make:99: cmTC_4d772] Error 1
gmake[1]: Leaving directory '/app/build/CMakeFiles/CMakeTmp'
gmake: *** [Makefile:127: cmTC_4d772/fast] Error 2



Determining if the function cheev_ exists failed with the following output:
Change Dir: /app/build/CMakeFiles/CMakeTmp

Run Build Command(s):/usr/bin/gmake -f Makefile cmTC_38117/fast && /usr/bin/gmake  -f CMakeFiles/cmTC_38117.dir/build.make CMakeFiles/cmTC_38117.dir/build
gmake[1]: Entering directory '/app/build/CMakeFiles/CMakeTmp'
Building C object CMakeFiles/cmTC_38117.dir/CheckFunctionExists.c.o
/usr/bin/cc   -DCHECK_FUNCTION_EXISTS=cheev_ -o CMakeFiles/cmTC_38117.dir/CheckFunctionExists.c.o -c /usr/share/cmake-3.22/Modules/CheckFunctionExists.c
Linking C executable cmTC_38117
/usr/bin/cmake -E cmake_link_script CMakeFiles/cmTC_38117.dir/link.txt --verbose=1
/usr/bin/cc  -DCHECK_FUNCTION_EXISTS=cheev_ CMakeFiles/cmTC_38117.dir/CheckFunctionExists.c.o -o cmTC_38117  /usr/lib/x86_64-linux-gnu/libblas.so /usr/lib/x86_64-linux-gnu/libf77blas.so /usr/lib/x86_64-linux-gnu/libatlas.so -lm -ldl 
/usr/bin/ld: CMakeFiles/cmTC_38117.dir/CheckFunctionExists.c.o: in function `main':
CheckFunctionExists.c:(.text+0x14): undefined reference to `cheev_'
collect2: error: ld returned 1 exit status
gmake[1]: *** [CMakeFiles/cmTC_38117.dir/build.make:102: cmTC_38117] Error 1
gmake[1]: Leaving directory '/app/build/CMakeFiles/CMakeTmp'
gmake: *** [Makefile:127: cmTC_38117/fast] Error 2



Determining if the function cheev_ exists failed with the following output:
Change Dir: /app/build/CMakeFiles/CMakeTmp

Run Build Command(s):/usr/bin/gmake -f Makefile cmTC_1f564/fast && /usr/bin/gmake  -f CMakeFiles/cmTC_1f564.dir/build.make CMakeFiles/cmTC_1f564.dir/build
gmake[1]: Entering directory '/app/build/CMakeFiles/CMakeTmp'
Building C object CMakeFiles/cmTC_1f564.dir/CheckFunctionExists.c.o
/usr/bin/cc   -DCHECK_FUNCTION_EXISTS=cheev_ -o CMakeFiles/cmTC_1f564.dir/CheckFunctionExists.c.o -c /usr/share/cmake-3.22/Modules/CheckFunctionExists.c
Linking C executable cmTC_1f564
/usr/bin/cmake -E cmake_link_script CMakeFiles/cmTC_1f564.dir/link.txt --verbose=1
/usr/bin/cc  -DCHECK_FUNCTION_EXISTS=cheev_ CMakeFiles/cmTC_1f564.dir/CheckFunctionExists.c.o -o cmTC_1f564  /usr/lib/x86_64-linux-gnu/liblapack.so /usr/lib/x86_64-linux-gnu/libblas.so /usr/lib/x86_64-linux-gnu/libf77blas.so /usr/lib/x86_64-linux-gnu/libatlas.so -fortranlibs 
cc: error: unrecognized command-line option '-fortranlibs'
gmake[1]: *** [CMakeFiles/cmTC_1f564.dir/build.make:103: cmTC_1f564] Error 1
gmake[1]: Leaving directory '/app/build/CMakeFiles/CMakeTmp'
gmake: *** [Makefile:127: cmTC_1f564/fast] Error 2



